3/28/2016 10:51:02 AM - CurrentPlatform : Unix
ExecutingPath : /home/meanbunny/projects/mono_projects/remote/remote/bin/Debug/

3/28/2016 10:51:02 AM - CurrentPlatform : Unix
ExecutingPath : /home/meanbunny/projects/mono_projects/remote/remote/bin/Debug/

3/28/2016 10:51:02 AM - CurrentPlatform : Unix
ExecutingPath : /home/meanbunny/projects/mono_projects/remote/remote/bin/Debug/

3/28/2016 10:51:11 AM - xfreerdp +clipboard +aero +menu-anims +window-drag /gdi:sw +fonts /sound:sys:pulse /microphone:sys:pulse,format:1,quality:high /w:1600 /h:847 /u:meanbunny /p:b18b1skyt3 /v:mmdesk2
3/28/2016 10:51:51 AM - xfreerdp +clipboard +aero +menu-anims +window-drag /gdi:sw +fonts /sound:sys:pulse /microphone:sys:pulse,format:1,quality:high /w:1600 /h:847 /u:steven /p:Boogersnot! /v:10.10.10.4
3/28/2016 2:04:42 PM - xfreerdp +clipboard +aero +menu-anims +window-drag /gdi:sw +fonts /sound:sys:pulse /microphone:sys:pulse,format:1,quality:high /w:1600 /h:847 /u:meanbunny /p:b18b1skyt3 /v:mmdesk2
3/28/2016 2:45:37 PM - xfreerdp +clipboard +aero +menu-anims +window-drag /gdi:sw +fonts /sound:sys:pulse /microphone:sys:pulse,format:1,quality:high /w:1600 /h:847 /u:eratliff /p:Orange05? /v:10.10.10.153
3/28/2016 2:46:25 PM - CurrentPlatform : Unix
ExecutingPath : /home/meanbunny/projects/mono_projects/remote/remote/bin/Debug/

3/28/2016 2:46:25 PM - CurrentPlatform : Unix
ExecutingPath : /home/meanbunny/projects/mono_projects/remote/remote/bin/Debug/

3/28/2016 2:46:25 PM - CurrentPlatform : Unix
ExecutingPath : /home/meanbunny/projects/mono_projects/remote/remote/bin/Debug/

3/28/2016 2:46:34 PM - xfreerdp +clipboard +aero +menu-anims +window-drag /gdi:sw +fonts /sound:sys:pulse /microphone:sys:pulse,format:1,quality:high /w:1600 /h:847 /u:eratliff /p:Orange07? /v:10.10.10.153
3/28/2016 3:19:56 PM - xfreerdp +clipboard +aero +menu-anims +window-drag /gdi:sw +fonts /sound:sys:pulse /microphone:sys:pulse,format:1,quality:high /w:1600 /h:847 /u:meanbunny /p:b18b1skyt3 /v:mmdesk2
3/28/2016 3:45:18 PM - xfreerdp +clipboard +aero +menu-anims +window-drag /gdi:sw +fonts /sound:sys:pulse /microphone:sys:pulse,format:1,quality:high /w:1600 /h:847 /u:meanbunny /p:b18b1skyt3 /v:mmdesk2
3/28/2016 4:47:16 PM - terminator -e 'ssh meanbunny@mmosx'
3/28/2016 8:03:31 PM - xfreerdp +clipboard +aero +menu-anims +window-drag /gdi:sw +fonts /sound:sys:pulse /microphone:sys:pulse,format:1,quality:high /w:1600 /h:847 /u:meanbunny /p:b18b1skyt3 /v:mmdesk2
3/28/2016 8:08:14 PM - CurrentPlatform : Unix
ExecutingPath : /home/meanbunny/projects/mono_projects/remote/remote/bin/Debug/

3/28/2016 8:08:14 PM - CurrentPlatform : Unix
ExecutingPath : /home/meanbunny/projects/mono_projects/remote/remote/bin/Debug/

3/28/2016 8:08:14 PM - CurrentPlatform : Unix
ExecutingPath : /home/meanbunny/projects/mono_projects/remote/remote/bin/Debug/

3/28/2016 8:08:47 PM - xfreerdp +clipboard +aero +menu-anims +window-drag /gdi:sw +fonts /sound:sys:pulse /microphone:sys:pulse,format:1,quality:high /w:1600 /h:847 /u:meanbunny /p:b18b1skyt3 /v:mmdesk2
3/29/2016 9:06:16 AM - xfreerdp +clipboard +aero +menu-anims +window-drag /gdi:sw +fonts /sound:sys:pulse /microphone:sys:pulse,format:1,quality:high /w:1600 /h:847 /u:meanbunny /p:b18b1skyt3 /v:mmdesk2
3/29/2016 9:16:57 AM - xfreerdp +clipboard +aero +menu-anims +window-drag /gdi:sw +fonts /sound:sys:pulse /microphone:sys:pulse,format:1,quality:high /w:1600 /h:847 /u:meanbunny /p:b18b1skyt3 /v:mmdesk2
3/29/2016 12:00:43 PM - terminator -e 'ssh meanbunny@mmosx'
3/29/2016 1:42:17 PM - xfreerdp +clipboard +aero +menu-anims +window-drag /gdi:sw +fonts /sound:sys:pulse /microphone:sys:pulse,format:1,quality:high /w:1600 /h:847 /u:meanbunny /p:b18b1skyt3 /v:mmdesk2
3/29/2016 2:36:33 PM - xfreerdp +clipboard +aero +menu-anims +window-drag /gdi:sw +fonts /sound:sys:pulse /microphone:sys:pulse,format:1,quality:high /w:1600 /h:847 /u:Administrator /p:sXEz%bTW*rH /v:tcproddb.titleclose.com
3/29/2016 5:20:15 PM - xfreerdp +clipboard +aero +menu-anims +window-drag /gdi:sw +fonts /sound:sys:pulse /microphone:sys:pulse,format:1,quality:high /w:1600 /h:847 /u:meanbunny /p:b18b1skyt3 /v:mmdesk2
3/30/2016 9:47:24 AM - xfreerdp +clipboard +aero +menu-anims +window-drag /gdi:sw +fonts /sound:sys:pulse /microphone:sys:pulse,format:1,quality:high /w:1600 /h:847 /u:meanbunny /p:b18b1skyt3 /v:mmdesk2
3/30/2016 10:11:58 AM - xfreerdp +clipboard +aero +menu-anims +window-drag /gdi:sw +fonts /sound:sys:pulse /microphone:sys:pulse,format:1,quality:high /w:1600 /h:847 /u:steven /p:Boogersnot! /v:10.10.10.4
3/30/2016 10:17:31 AM - CurrentPlatform : Unix
ExecutingPath : /home/meanbunny/projects/mono_projects/remote/remote/bin/Debug/

3/30/2016 10:17:31 AM - CurrentPlatform : Unix
ExecutingPath : /home/meanbunny/projects/mono_projects/remote/remote/bin/Debug/

3/30/2016 10:17:31 AM - CurrentPlatform : Unix
ExecutingPath : /home/meanbunny/projects/mono_projects/remote/remote/bin/Debug/

3/30/2016 10:17:36 AM - xfreerdp +clipboard +aero +menu-anims +window-drag /gdi:sw +fonts /sound:sys:pulse /microphone:sys:pulse,format:1,quality:high /w:1600 /h:847 /u:meanbunny /p:b18b1skyt3 /v:mmdesk2
3/30/2016 10:17:57 AM - xfreerdp +clipboard +aero +menu-anims +window-drag /gdi:sw +fonts /sound:sys:pulse /microphone:sys:pulse,format:1,quality:high /w:1600 /h:847 /u:meanbunny /p:b18b1skyt3 /v:mmdesk2
3/30/2016 10:24:52 AM - xfreerdp +clipboard +aero +menu-anims +window-drag /gdi:sw +fonts /sound:sys:pulse /microphone:sys:pulse,format:1,quality:high /w:1600 /h:847 /u:steven /p:Boogersnot! /v:10.10.10.4
3/30/2016 10:25:03 AM - xfreerdp +clipboard +aero +menu-anims +window-drag /gdi:sw +fonts /sound:sys:pulse /microphone:sys:pulse,format:1,quality:high /w:1600 /h:847 /u:steven /p:Boogersnot! /v:10.10.10.4
3/30/2016 1:06:58 PM - xfreerdp +clipboard +aero +menu-anims +window-drag /gdi:sw +fonts /sound:sys:pulse /microphone:sys:pulse,format:1,quality:high /w:1600 /h:847 /u:meanbunny /p:b18b1skyt3 /v:mmdesk2
3/30/2016 1:09:06 PM - CurrentPlatform : Unix
ExecutingPath : /home/meanbunny/projects/mono_projects/remote/remote/bin/Debug/

3/30/2016 1:09:06 PM - CurrentPlatform : Unix
ExecutingPath : /home/meanbunny/projects/mono_projects/remote/remote/bin/Debug/

3/30/2016 1:09:06 PM - CurrentPlatform : Unix
ExecutingPath : /home/meanbunny/projects/mono_projects/remote/remote/bin/Debug/

3/30/2016 1:09:10 PM - xfreerdp +clipboard +aero +menu-anims +window-drag /gdi:sw +fonts /sound:sys:pulse /microphone:sys:pulse,format:1,quality:high /w:1500 /h:847 /u:meanbunny /p:b18b1skyt3 /v:mmdesk2
3/30/2016 2:32:51 PM - terminator -e 'ssh meanbunny@mmosx'
3/30/2016 10:43:43 PM - terminator -e 'ssh meanbunny@mmosx'
3/31/2016 12:08:48 AM - terminator -e 'ssh meanbunny@mmosx'
3/31/2016 9:09:01 AM - xfreerdp +clipboard +aero +menu-anims +window-drag /gdi:sw +fonts /sound:sys:pulse /microphone:sys:pulse,format:1,quality:high /w:1500 /h:847 /u:meanbunny /p:b18b1skyt3 /v:mmdesk2
3/31/2016 9:35:23 AM - CurrentPlatform : Unix
ExecutingPath : /home/meanbunny/projects/mono_projects/remote/remote/bin/Debug/

3/31/2016 9:35:23 AM - CurrentPlatform : Unix
ExecutingPath : /home/meanbunny/projects/mono_projects/remote/remote/bin/Debug/

3/31/2016 9:35:23 AM - CurrentPlatform : Unix
ExecutingPath : /home/meanbunny/projects/mono_projects/remote/remote/bin/Debug/

3/31/2016 9:35:32 AM - gnome-terminal -e 'ssh meanbunny@mmosx'
3/31/2016 11:35:29 AM - xfreerdp +clipboard +aero +menu-anims +window-drag /gdi:sw +fonts /sound:sys:pulse /microphone:sys:pulse,format:1,quality:high /w:1500 /h:847 /u:steven /p:Boogersnot! /v:10.10.10.4
3/31/2016 11:35:42 AM - xfreerdp +clipboard +aero +menu-anims +window-drag /gdi:sw +fonts /sound:sys:pulse /microphone:sys:pulse,format:1,quality:high /w:1500 /h:847 /u:steven /p:Boogersnot! /v:10.10.10.4
3/31/2016 5:13:25 PM - xfreerdp +clipboard +aero +menu-anims +window-drag /gdi:sw +fonts /sound:sys:pulse /microphone:sys:pulse,format:1,quality:high /w:1500 /h:847 /u:meanbunny /p:b18b1skyt3 /v:mmdesk2
4/1/2016 9:24:36 AM - xfreerdp +clipboard +aero +menu-anims +window-drag /gdi:sw +fonts /sound:sys:pulse /microphone:sys:pulse,format:1,quality:high /w:1500 /h:847 /u:meanbunny /p:b18b1skyt3 /v:mmdesk2
4/1/2016 12:25:09 PM - xfreerdp +clipboard +aero +menu-anims +window-drag /gdi:sw +fonts /sound:sys:pulse /microphone:sys:pulse,format:1,quality:high /w:1500 /h:847 /u:meanbunny /p:b18b1skyt3 /v:mmdesk2
4/1/2016 12:25:18 PM - xfreerdp +clipboard +aero +menu-anims +window-drag /gdi:sw +fonts /sound:sys:pulse /microphone:sys:pulse,format:1,quality:high /w:1500 /h:847 /u:meanbunny /p:b18b1skyt3 /v:mmdesk2
4/1/2016 12:25:54 PM - xfreerdp +clipboard +aero +menu-anims +window-drag /gdi:sw +fonts /sound:sys:pulse /microphone:sys:pulse,format:1,quality:high /w:1500 /h:847 /u:meanbunny /p:b18b1skyt3 /v:mmdesk2
4/1/2016 2:55:36 PM - xfreerdp +clipboard +aero +menu-anims +window-drag /gdi:sw +fonts /sound:sys:pulse /microphone:sys:pulse,format:1,quality:high /w:1500 /h:847 /u:steven /p:Boogersnot! /v:xenappserver.skyfirm.local
4/1/2016 3:28:26 PM - xfreerdp +clipboard +aero +menu-anims +window-drag /gdi:sw +fonts /sound:sys:pulse /microphone:sys:pulse,format:1,quality:high /w:1500 /h:847 /u:Administrator /p:x9R4t;dskt) /v:tcprodweb1.titleclose.com
4/1/2016 3:28:33 PM - xfreerdp +clipboard +aero +menu-anims +window-drag /gdi:sw +fonts /sound:sys:pulse /microphone:sys:pulse,format:1,quality:high /w:1500 /h:847 /u:scombs@ads1 /p:B18b1skyt3 /v:ec2-52-24-46-180.us-west-2.compute.amazonaws.com
4/1/2016 9:14:41 PM - xfreerdp +clipboard +aero +menu-anims +window-drag /gdi:sw +fonts /sound:sys:pulse /microphone:sys:pulse,format:1,quality:high /w:1500 /h:847 /u:meanbunny /p:b18b1skyt3 /v:mmdesk2
4/1/2016 10:04:32 PM - xfreerdp +clipboard +aero +menu-anims +window-drag /gdi:sw +fonts /sound:sys:pulse /microphone:sys:pulse,format:1,quality:high /w:1500 /h:847 /u:meanbunny /p:b18b1skyt3 /v:mmdesk2
4/4/2016 1:52:50 PM - CurrentPlatform : Unix
ExecutingPath : /home/meanbunny/projects/mono_projects/emulator_launcher/emulator_launcher/bin/Debug/

4/4/2016 1:52:50 PM - CurrentPlatform : Unix
ExecutingPath : /home/meanbunny/projects/mono_projects/emulator_launcher/emulator_launcher/bin/Debug/

4/4/2016 1:52:50 PM - CurrentPlatform : Unix
ExecutingPath : /home/meanbunny/projects/mono_projects/emulator_launcher/emulator_launcher/bin/Debug/

4/14/2016 10:28:52 PM - CurrentPlatform : Unix
ExecutingPath : /home/meanbunny/projects/mono_projects/emulator_launcher/emulator_launcher/bin/Debug/

4/14/2016 10:28:52 PM - CurrentPlatform : Unix
ExecutingPath : /home/meanbunny/projects/mono_projects/emulator_launcher/emulator_launcher/bin/Debug/

4/14/2016 10:28:52 PM - CurrentPlatform : Unix
ExecutingPath : /home/meanbunny/projects/mono_projects/emulator_launcher/emulator_launcher/bin/Debug/

4/14/2016 10:29:26 PM - CurrentPlatform : Unix
ExecutingPath : /home/meanbunny/projects/mono_projects/emulator_launcher/emulator_launcher/bin/Debug/

4/14/2016 10:29:26 PM - CurrentPlatform : Unix
ExecutingPath : /home/meanbunny/projects/mono_projects/emulator_launcher/emulator_launcher/bin/Debug/

4/14/2016 10:29:26 PM - CurrentPlatform : Unix
ExecutingPath : /home/meanbunny/projects/mono_projects/emulator_launcher/emulator_launcher/bin/Debug/

4/14/2016 10:30:24 PM - emulator emulator
4/14/2016 10:30:39 PM - CurrentPlatform : Unix
ExecutingPath : /home/meanbunny/projects/mono_projects/emulator_launcher/emulator_launcher/bin/Debug/

4/14/2016 10:30:39 PM - CurrentPlatform : Unix
ExecutingPath : /home/meanbunny/projects/mono_projects/emulator_launcher/emulator_launcher/bin/Debug/

4/14/2016 10:30:39 PM - CurrentPlatform : Unix
ExecutingPath : /home/meanbunny/projects/mono_projects/emulator_launcher/emulator_launcher/bin/Debug/

4/14/2016 10:31:41 PM - CurrentPlatform : Unix
ExecutingPath : /home/meanbunny/projects/mono_projects/emulator_launcher/emulator_launcher/bin/Debug/

4/14/2016 10:31:41 PM - CurrentPlatform : Unix
ExecutingPath : /home/meanbunny/projects/mono_projects/emulator_launcher/emulator_launcher/bin/Debug/

4/14/2016 10:31:41 PM - CurrentPlatform : Unix
ExecutingPath : /home/meanbunny/projects/mono_projects/emulator_launcher/emulator_launcher/bin/Debug/

4/14/2016 10:31:49 PM - emulator -avd and23 -scale .3
4/14/2016 10:31:54 PM - CurrentPlatform : Unix
ExecutingPath : /home/meanbunny/projects/mono_projects/emulator_launcher/emulator_launcher/bin/Debug/

4/14/2016 10:31:54 PM - CurrentPlatform : Unix
ExecutingPath : /home/meanbunny/projects/mono_projects/emulator_launcher/emulator_launcher/bin/Debug/

4/14/2016 10:31:54 PM - CurrentPlatform : Unix
ExecutingPath : /home/meanbunny/projects/mono_projects/emulator_launcher/emulator_launcher/bin/Debug/

4/14/2016 10:32:02 PM - emulator -avd and23 -scale .3
4/14/2016 10:33:01 PM - CurrentPlatform : Unix
ExecutingPath : /home/meanbunny/projects/mono_projects/emulator_launcher/emulator_launcher/bin/Debug/

4/14/2016 10:33:01 PM - CurrentPlatform : Unix
ExecutingPath : /home/meanbunny/projects/mono_projects/emulator_launcher/emulator_launcher/bin/Debug/

4/14/2016 10:33:01 PM - CurrentPlatform : Unix
ExecutingPath : /home/meanbunny/projects/mono_projects/emulator_launcher/emulator_launcher/bin/Debug/

4/14/2016 10:33:07 PM - emulator -avd and23 -scale .3
4/14/2016 10:35:24 PM - CurrentPlatform : Unix
ExecutingPath : /home/meanbunny/projects/mono_projects/emulator_launcher/emulator_launcher/bin/Debug/

4/14/2016 10:35:24 PM - CurrentPlatform : Unix
ExecutingPath : /home/meanbunny/projects/mono_projects/emulator_launcher/emulator_launcher/bin/Debug/

4/14/2016 10:35:24 PM - CurrentPlatform : Unix
ExecutingPath : /home/meanbunny/projects/mono_projects/emulator_launcher/emulator_launcher/bin/Debug/

4/14/2016 10:35:30 PM - /home/meanbunny/projects/sdk/android-sdk-linux/tools/emulator -avd and23 -scale .3
